modules/app-widget-android/android/build/intermediates/manifest_merge_blame_file/debug/processDebugManifest/manifest-merger-blame-debug-report.txt
1<?xml version="1.0" encoding="utf-8"?>
2<manifest xmlns:android="http://schemas.android.com/apk/res/android"
3    package="expo.modules.appwidgetandroid" >
4
5    <uses-sdk android:minSdkVersion="26" />
6
7    <uses-permission android:name="android.permission.USE_EXACT_ALARM" />
7-->src/main/AndroidManifest.xml:2:5-73
7-->src/main/AndroidManifest.xml:2:22-71
8
9    <application>
9-->src/main/AndroidManifest.xml:3:5-23:19
10        <receiver
10-->src/main/AndroidManifest.xml:4:9-85
11            android:name="expo.modules.appwidgetandroid.data.DateAlarmReceiver"
11-->src/main/AndroidManifest.xml:4:19-57
12            android:exported="false" />
12-->src/main/AndroidManifest.xml:4:58-82
13        <receiver
13-->src/main/AndroidManifest.xml:5:9-13:20
14            android:name="expo.modules.appwidgetandroid.TodayDate.Receiver"
14-->src/main/AndroidManifest.xml:5:19-53
15            android:exported="true" >
15-->src/main/AndroidManifest.xml:6:19-42
16            <intent-filter>
16-->src/main/AndroidManifest.xml:7:13-9:29
17                <action android:name="android.appwidget.action.APPWIDGET_UPDATE" />
17-->src/main/AndroidManifest.xml:8:17-84
17-->src/main/AndroidManifest.xml:8:25-81
18            </intent-filter>
19
20            <meta-data
20-->src/main/AndroidManifest.xml:10:13-12:70
21                android:name="android.appwidget.provider"
21-->src/main/AndroidManifest.xml:11:21-62
22                android:resource="@xml/today_date_widget_info" />
22-->src/main/AndroidManifest.xml:12:21-67
23        </receiver>
24        <receiver
24-->src/main/AndroidManifest.xml:14:9-22:20
25            android:name="expo.modules.appwidgetandroid.GeneralCalendar.Receiver"
25-->src/main/AndroidManifest.xml:14:19-59
26            android:exported="true" >
26-->src/main/AndroidManifest.xml:15:19-42
27            <intent-filter>
27-->src/main/AndroidManifest.xml:7:13-9:29
28                <action android:name="android.appwidget.action.APPWIDGET_UPDATE" />
28-->src/main/AndroidManifest.xml:8:17-84
28-->src/main/AndroidManifest.xml:8:25-81
29            </intent-filter>
30
31            <meta-data
31-->src/main/AndroidManifest.xml:10:13-12:70
32                android:name="android.appwidget.provider"
32-->src/main/AndroidManifest.xml:11:21-62
33                android:resource="@xml/general_calendar_widget_info" />
33-->src/main/AndroidManifest.xml:12:21-67
34        </receiver>
35    </application>
36
37</manifest>